<?xml version="1.0" encoding="UTF-8"?>
<!-- Generated by org.testng.reporters.JUnitXMLReporter -->
<testsuite hostname="FamilyLaptop" ignored="0" name="Test" tests="27" failures="7" timestamp="2020-09-22T11:29:17 PDT" time="76.056" errors="0">
  <testcase name="clickBackToHome" time="10.606" classname="PHPTravel.End2EndExample.LandingPageHeaderTest"/>
  <testcase name="currencyDropDownVerification" time="1.84" classname="PHPTravel.End2EndExample.LandingPageHeaderTest"/>
  <testcase name="currencyTypes" time="2.288" classname="PHPTravel.End2EndExample.LandingPageHeaderTest">
    <failure type="java.lang.AssertionError" message="expected [true] but found [false]">
      <![CDATA[java.lang.AssertionError: expected [true] but found [false]
at PHPTravel.End2EndExample.LandingPageHeaderTest.currencyTypes(LandingPageHeaderTest.java:114)
at java.util.ArrayList.forEach(Unknown Source)
... Removed 31 stack frames]]>
    </failure>
  </testcase> <!-- currencyTypes -->
  <testcase name="languageDefaultTextVerification" time="0.167" classname="PHPTravel.End2EndExample.LandingPageHeaderTest"/>
  <testcase name="myAccountDefaultText" time="0.196" classname="PHPTravel.End2EndExample.LandingPageHeaderTest"/>
  <testcase name="callNowVerification" time="0.21" classname="PHPTravel.End2EndExample.LandingPageHeaderTest">
    <failure type="java.lang.AssertionError" message="expected [Call Now: +1-360-244-9610] but found [phone Call Now : +1-234-56789]">
      <![CDATA[java.lang.AssertionError: expected [Call Now: +1-360-244-9610] but found [phone Call Now : +1-234-56789]
at PHPTravel.End2EndExample.LandingPageHeaderTest.callNowVerification(LandingPageHeaderTest.java:78)
at java.util.ArrayList.forEach(Unknown Source)
... Removed 32 stack frames]]>
    </failure>
  </testcase> <!-- callNowVerification -->
  <testcase name="clickAboutUs" time="2.041" classname="PHPTravel.End2EndExample.LandingPageHeaderTest"/>
  <testcase name="clickCompanyLogo" time="5.033" classname="PHPTravel.End2EndExample.LandingPageHeaderTest"/>
  <testcase name="clickContact" time="1.54" classname="PHPTravel.End2EndExample.LandingPageHeaderTest"/>
  <testcase name="currencyDefaultTextVerification" time="0.157" classname="PHPTravel.End2EndExample.LandingPageHeaderTest"/>
  <testcase name="languageDropDownVerification" time="0.6" classname="PHPTravel.End2EndExample.LandingPageHeaderTest"/>
  <testcase name="languageTypes" time="0.661" classname="PHPTravel.End2EndExample.LandingPageHeaderTest">
    <failure type="java.lang.AssertionError" message="expected [true] but found [false]">
      <![CDATA[java.lang.AssertionError: expected [true] but found [false]
at PHPTravel.End2EndExample.LandingPageHeaderTest.languageTypes(LandingPageHeaderTest.java:179)
at java.util.ArrayList.forEach(Unknown Source)
... Removed 31 stack frames]]>
    </failure>
  </testcase> <!-- languageTypes -->
  <testcase name="mouseOverCompany" time="0.933" classname="PHPTravel.End2EndExample.LandingPageHeaderTest"/>
  <testcase name="myAccountDropDownVerification" time="0.468" classname="PHPTravel.End2EndExample.LandingPageHeaderTest"/>
  <testcase name="selectLogin" time="0.917" classname="PHPTravel.End2EndExample.LandingPageHeaderTest"/>
  <testcase name="currencySelection" time="0.0" classname="PHPTravel.End2EndExample.LandingPageHeaderTest">
    <skipped/>
  </testcase> <!-- currencySelection -->
  <testcase name="languageSelection" time="0.54" classname="PHPTravel.End2EndExample.LandingPageHeaderTest"/>
  <testcase name="checkinCalendarTitle" time="2.281" classname="PHPTravel.End2EndExample.LandingPageHotelsTest">
    <failure type="java.lang.AssertionError" message="expected [September,2020] but found [September,
2020]">
      <![CDATA[java.lang.AssertionError: expected [September,2020] but found [September,
2020]
at PHPTravel.End2EndExample.LandingPageHotelsTest.checkinCalendarTitle(LandingPageHotelsTest.java:121)
at java.util.ArrayList.forEach(Unknown Source)
... Removed 32 stack frames]]>
    </failure>
  </testcase> <!-- checkinCalendarTitle -->
  <testcase name="currentDayHighlightedCheckin" time="0.127" classname="PHPTravel.End2EndExample.LandingPageHotelsTest"/>
  <testcase name="verifyDestinationDefaultText" time="0.092" classname="PHPTravel.End2EndExample.LandingPageHotelsTest"/>
  <testcase name="verifyDestinationSuggest" time="6.853" classname="PHPTravel.End2EndExample.LandingPageHotelsTest"/>
  <testcase name="verifyECheckinDefaultDate" time="0.023" classname="PHPTravel.End2EndExample.LandingPageHotelsTest">
    <failure type="java.lang.AssertionError" message="expected [22/09/2020] but found [25/09/2020]">
      <![CDATA[java.lang.AssertionError: expected [22/09/2020] but found [25/09/2020]
at PHPTravel.End2EndExample.LandingPageHotelsTest.verifyECheckinDefaultDate(LandingPageHotelsTest.java:97)
at java.util.ArrayList.forEach(Unknown Source)
... Removed 32 stack frames]]>
    </failure>
  </testcase> <!-- verifyECheckinDefaultDate -->
  <testcase name="verifyOnClickCheckin" time="0.235" classname="PHPTravel.End2EndExample.LandingPageHotelsTest"/>
  <testcase name="verifyTabText" time="0.127" classname="PHPTravel.End2EndExample.LandingPageHotelsTest">
    <failure type="java.lang.AssertionError" message="expected [HOTELS] but found [Hotels]">
      <![CDATA[java.lang.AssertionError: expected [HOTELS] but found [Hotels]
at PHPTravel.End2EndExample.LandingPageHotelsTest.verifyTabText(LandingPageHotelsTest.java:44)
at java.util.ArrayList.forEach(Unknown Source)
... Removed 32 stack frames]]>
    </failure>
  </testcase> <!-- verifyTabText -->
  <testcase name="verifyTitlesText" time="0.216" classname="PHPTravel.End2EndExample.LandingPageHotelsTest">
    <failure type="java.lang.AssertionError" message="Lists differ at element [3]: ADULTS (13-75) != ADULTS (12-75) expected [ADULTS (13-75)] but found [ADULTS (12-75)]">
      <![CDATA[java.lang.AssertionError: Lists differ at element [3]: ADULTS (13-75) != ADULTS (12-75) expected [ADULTS (13-75)] but found [ADULTS (12-75)]
at PHPTravel.End2EndExample.LandingPageHotelsTest.verifyTitlesText(LandingPageHotelsTest.java:65)
at java.util.ArrayList.forEach(Unknown Source)
... Removed 31 stack frames]]>
    </failure>
  </testcase> <!-- verifyTitlesText -->
  <testcase name="checkinForwardArrow" time="0.0" classname="PHPTravel.End2EndExample.LandingPageHotelsTest">
    <skipped/>
  </testcase> <!-- checkinForwardArrow -->
  <testcase name="checkinBackArrow" time="0.0" classname="PHPTravel.End2EndExample.LandingPageHotelsTest">
    <skipped/>
  </testcase> <!-- checkinBackArrow -->
</testsuite> <!-- Test -->
